This is XeTeX, Version 3.141592653-2.6-0.999995 (MiKTeX 24.1) (preloaded format=xelatex 2025.9.9)  26 NOV 2025 13:38
entering extended mode
 restricted \write18 enabled.
 %&-line parsing enabled.
**./main.tex
(main.tex
LaTeX2e <2023-11-01> patch level 1
L3 programming layer <2024-01-04>
(C:\Users\ASUS\AppData\Local\Programs\MiKTeX\tex/latex/base\report.cls
Document Class: report 2023/05/17 v1.4n Standard LaTeX document class
(C:\Users\ASUS\AppData\Local\Programs\MiKTeX\tex/latex/base\size12.clo
File: size12.clo 2023/05/17 v1.4n Standard LaTeX file (size option)
)
\c@part=\count183
\c@chapter=\count184
\c@section=\count185
\c@subsection=\count186
\c@subsubsection=\count187
\c@paragraph=\count188
\c@subparagraph=\count189
\c@figure=\count190
\c@table=\count191
\abovecaptionskip=\skip48
\belowcaptionskip=\skip49
\bibindent=\dimen140
)
(C:\Users\ASUS\AppData\Local\Programs\MiKTeX\tex/latex/fontspec\fontspec.sty
(C:\Users\ASUS\AppData\Local\Programs\MiKTeX\tex/latex/l3packages/xparse\xparse
.sty (C:\Users\ASUS\AppData\Local\Programs\MiKTeX\tex/latex/l3kernel\expl3.sty
Package: expl3 2024-01-04 L3 programming layer (loader) 

(C:\Users\ASUS\AppData\Local\Programs\MiKTeX\tex/latex/l3backend\l3backend-xete
x.def
File: l3backend-xetex.def 2024-01-04 L3 backend support: XeTeX
\g__graphics_track_int=\count192
\l__pdf_internal_box=\box51
\g__pdf_backend_object_int=\count193
\g__pdf_backend_annotation_int=\count194
\g__pdf_backend_link_int=\count195
))
Package: xparse 2023-10-10 L3 Experimental document command parser
)
Package: fontspec 2022/01/15 v2.8a Font selection for XeLaTeX and LuaLaTeX

(C:\Users\ASUS\AppData\Local\Programs\MiKTeX\tex/latex/fontspec\fontspec-xetex.
sty
Package: fontspec-xetex 2022/01/15 v2.8a Font selection for XeLaTeX and LuaLaTe
X
\l__fontspec_script_int=\count196
\l__fontspec_language_int=\count197
\l__fontspec_strnum_int=\count198
\l__fontspec_tmp_int=\count199
\l__fontspec_tmpa_int=\count266
\l__fontspec_tmpb_int=\count267
\l__fontspec_tmpc_int=\count268
\l__fontspec_em_int=\count269
\l__fontspec_emdef_int=\count270
\l__fontspec_strong_int=\count271
\l__fontspec_strongdef_int=\count272
\l__fontspec_tmpa_dim=\dimen141
\l__fontspec_tmpb_dim=\dimen142
\l__fontspec_tmpc_dim=\dimen143
 (C:\Users\ASUS\AppData\Local\Programs\MiKTeX\tex/latex/base\fontenc.sty
Package: fontenc 2021/04/29 v2.0v Standard LaTeX package
)
(C:\Users\ASUS\AppData\Local\Programs\MiKTeX\tex/latex/fontspec\fontspec.cfg)))
(C:\Users\ASUS\AppData\Local\Programs\MiKTeX\tex/latex/blindtext\blindtext.sty
Package: blindtext 2012/01/06 V2.0 blindtext-Package

(C:\Users\ASUS\AppData\Local\Programs\MiKTeX\tex/latex/tools\xspace.sty
Package: xspace 2014/10/28 v1.13 Space after command names (DPC,MH)
)
\c@blindtext=\count273
\c@Blindtext=\count274
\c@blind@countparstart=\count275
\blind@countxx=\count276
\blindtext@numBlindtext=\count277
\blind@countyy=\count278
\c@blindlist=\count279
\c@blindlistlevel=\count280
\c@blindlist@level=\count281
\blind@listitem=\count282
\c@blind@listcount=\count283
\c@blind@levelcount=\count284
\blind@mathformula=\count285
\blind@Mathformula=\count286
\c@blind@randomcount=\count287
\c@blind@randommax=\count288
\c@blind@pangramcount=\count289
\c@blind@pangrammax=\count290
)
(C:\Users\ASUS\AppData\Local\Programs\MiKTeX\tex/latex/csvsimple\csvsimple.sty
Package: csvsimple 2024/09/27 v2.7.0 LaTeX CSV file processing
)
(C:\Users\ASUS\AppData\Local\Programs\MiKTeX\tex/latex/csvsimple\csvsimple-lega
cy.sty
Package: csvsimple-legacy 2024/09/27 version 2.7.0 LaTeX2e CSV file processing

(C:\Users\ASUS\AppData\Local\Programs\MiKTeX\tex/latex/pgf/utilities\pgfrcs.sty

(C:\Users\ASUS\AppData\Local\Programs\MiKTeX\tex/generic/pgf/utilities\pgfutil-
common.tex
\pgfutil@everybye=\toks17
\pgfutil@tempdima=\dimen144
\pgfutil@tempdimb=\dimen145
)
(C:\Users\ASUS\AppData\Local\Programs\MiKTeX\tex/generic/pgf/utilities\pgfutil-
latex.def
\pgfutil@abb=\box52
)
(C:\Users\ASUS\AppData\Local\Programs\MiKTeX\tex/generic/pgf/utilities\pgfrcs.c
ode.tex
(C:\Users\ASUS\AppData\Local\Programs\MiKTeX\tex/generic/pgf\pgf.revision.tex)
Package: pgfrcs 2023-01-15 v3.1.10 (3.1.10)
))
(C:\Users\ASUS\AppData\Local\Programs\MiKTeX\tex/latex/pgf/utilities\pgfkeys.st
y
(C:\Users\ASUS\AppData\Local\Programs\MiKTeX\tex/generic/pgf/utilities\pgfkeys.
code.tex
\pgfkeys@pathtoks=\toks18
\pgfkeys@temptoks=\toks19

(C:\Users\ASUS\AppData\Local\Programs\MiKTeX\tex/generic/pgf/utilities\pgfkeysl
ibraryfiltered.code.tex
\pgfkeys@tmptoks=\toks20
)))
(C:\Users\ASUS\AppData\Local\Programs\MiKTeX\tex/latex/base\ifthen.sty
Package: ifthen 2022/04/13 v1.1d Standard LaTeX ifthen package (DPC)
)
(C:\Users\ASUS\AppData\Local\Programs\MiKTeX\tex/latex/etoolbox\etoolbox.sty
Package: etoolbox 2020/10/05 v2.5k e-TeX tools for LaTeX (JAW)
\etb@tempcnta=\count291
)
(C:\Users\ASUS\AppData\Local\Programs\MiKTeX\tex/latex/tools\shellesc.sty
Package: shellesc 2023/07/08 v1.0d unified shell escape interface for LaTeX
Package shellesc Info: Restricted shell escape enabled on input line 77.
)
\csv@file=\read2
\c@csvinputline=\count292
\c@csvrow=\count293
\c@csvcol=\count294
\csv@out=\write3
)
(C:\Users\ASUS\AppData\Local\Programs\MiKTeX\tex/latex/fancyhdr\fancyhdr.sty
Package: fancyhdr 2025/02/07 v5.2 Extensive control of page headers and footers

\f@nch@headwidth=\skip50
\f@nch@offset@elh=\skip51
\f@nch@offset@erh=\skip52
\f@nch@offset@olh=\skip53
\f@nch@offset@orh=\skip54
\f@nch@offset@elf=\skip55
\f@nch@offset@erf=\skip56
\f@nch@offset@olf=\skip57
\f@nch@offset@orf=\skip58
\f@nch@height=\skip59
\f@nch@footalignment=\skip60
\f@nch@widthL=\skip61
\f@nch@widthC=\skip62
\f@nch@widthR=\skip63
\@temptokenb=\toks21
)
(C:\Users\ASUS\AppData\Local\Programs\MiKTeX\tex/latex/zref\zref-savepos.sty
Package: zref-savepos 2025-06-08 v2.36 Module savepos for zref (HO)

(C:\Users\ASUS\AppData\Local\Programs\MiKTeX\tex/latex/zref\zref-base.sty
Package: zref-base 2025-06-08 v2.36 Module base for zref (HO)

(C:\Users\ASUS\AppData\Local\Programs\MiKTeX\tex/generic/ltxcmds\ltxcmds.sty
Package: ltxcmds 2023-12-04 v1.26 LaTeX kernel commands for general use (HO)
)
(C:\Users\ASUS\AppData\Local\Programs\MiKTeX\tex/generic/infwarerr\infwarerr.st
y
Package: infwarerr 2019/12/03 v1.5 Providing info/warning/error messages (HO)
)
(C:\Users\ASUS\AppData\Local\Programs\MiKTeX\tex/latex/kvsetkeys\kvsetkeys.sty
Package: kvsetkeys 2022-10-05 v1.19 Key value parser (HO)
)
(C:\Users\ASUS\AppData\Local\Programs\MiKTeX\tex/generic/kvdefinekeys\kvdefinek
eys.sty
Package: kvdefinekeys 2019-12-19 v1.6 Define keys (HO)
)
(C:\Users\ASUS\AppData\Local\Programs\MiKTeX\tex/generic/pdftexcmds\pdftexcmds.
sty
Package: pdftexcmds 2020-06-27 v0.33 Utility functions of pdfTeX for LuaTeX (HO
)
 (C:\Users\ASUS\AppData\Local\Programs\MiKTeX\tex/generic/iftex\iftex.sty
Package: iftex 2022/02/03 v1.0f TeX engine tests
)
Package pdftexcmds Info: \pdf@primitive is available.
Package pdftexcmds Info: \pdf@ifprimitive is available.
Package pdftexcmds Info: \pdfdraftmode not found.
)
(C:\Users\ASUS\AppData\Local\Programs\MiKTeX\tex/generic/etexcmds\etexcmds.sty
Package: etexcmds 2019/12/15 v1.7 Avoid name clashes with e-TeX commands (HO)
) (C:\Users\ASUS\AppData\Local\Programs\MiKTeX\tex/latex/auxhook\auxhook.sty
Package: auxhook 2019-12-17 v1.6 Hooks for auxiliary files (HO)
)
Package zref Info: New property list: main on input line 767.
Package zref Info: New property: default on input line 768.
Package zref Info: New property: page on input line 769.
)
Package zref Info: New property list: savepos on input line 56.
Package zref Info: New property: posx on input line 58.
Package zref Info: New property: posy on input line 59.
)
(C:\Users\ASUS\AppData\Local\Programs\MiKTeX\tex/latex/zref\zref-user.sty
Package: zref-user 2025-06-08 v2.36 Module user for zref (HO)
)
(C:\Users\ASUS\AppData\Local\Programs\MiKTeX\tex/latex/xstring\xstring.sty
(C:\Users\ASUS\AppData\Local\Programs\MiKTeX\tex/generic/xstring\xstring.tex
\xs_counta=\count295
\xs_countb=\count296
)
Package: xstring 2023/08/22 v1.86 String manipulations (CT)
)
(C:\Users\ASUS\AppData\Local\Programs\MiKTeX\tex/latex/textcase\textcase.sty
Package: textcase 2025/02/16 v1.05 Text only upper/lower case changing (DPC)
Package textcase Info: Defining Legacy names on input line 20.
)
(C:\Users\ASUS\AppData\Local\Programs\MiKTeX\tex/latex/hyperref\hyperref.sty
Package: hyperref 2023-11-26 v7.01g Hypertext links for LaTeX

(C:\Users\ASUS\AppData\Local\Programs\MiKTeX\tex/latex/graphics\keyval.sty
Package: keyval 2022/05/29 v1.15 key=value parser (DPC)
\KV@toks@=\toks22
)
(C:\Users\ASUS\AppData\Local\Programs\MiKTeX\tex/generic/pdfescape\pdfescape.st
y
Package: pdfescape 2019/12/09 v1.15 Implements pdfTeX's escape features (HO)
) (C:\Users\ASUS\AppData\Local\Programs\MiKTeX\tex/latex/hycolor\hycolor.sty
Package: hycolor 2020-01-27 v1.10 Color options for hyperref/bookmark (HO)
)
(C:\Users\ASUS\AppData\Local\Programs\MiKTeX\tex/latex/letltxmacro\letltxmacro.
sty
Package: letltxmacro 2019/12/03 v1.6 Let assignment for LaTeX macros (HO)
)
(C:\Users\ASUS\AppData\Local\Programs\MiKTeX\tex/latex/hyperref\nameref.sty
Package: nameref 2023-11-26 v2.56 Cross-referencing by name of section

(C:\Users\ASUS\AppData\Local\Programs\MiKTeX\tex/latex/refcount\refcount.sty
Package: refcount 2019/12/15 v3.6 Data extraction from label references (HO)
)
(C:\Users\ASUS\AppData\Local\Programs\MiKTeX\tex/generic/gettitlestring\gettitl
estring.sty
Package: gettitlestring 2019/12/15 v1.6 Cleanup title references (HO)

(C:\Users\ASUS\AppData\Local\Programs\MiKTeX\tex/latex/kvoptions\kvoptions.sty
Package: kvoptions 2022-06-15 v3.15 Key value format for package options (HO)
))
\c@section@level=\count297
)
\@linkdim=\dimen146
\Hy@linkcounter=\count298
\Hy@pagecounter=\count299
 (C:\Users\ASUS\AppData\Local\Programs\MiKTeX\tex/latex/hyperref\pd1enc.def
File: pd1enc.def 2023-11-26 v7.01g Hyperref: PDFDocEncoding definition (HO)
)
(C:\Users\ASUS\AppData\Local\Programs\MiKTeX\tex/generic/intcalc\intcalc.sty
Package: intcalc 2019/12/15 v1.3 Expandable calculations with integers (HO)
)
\Hy@SavedSpaceFactor=\count300

(C:\Users\ASUS\AppData\Local\Programs\MiKTeX\tex/latex/hyperref\puenc.def
File: puenc.def 2023-11-26 v7.01g Hyperref: PDF Unicode definition (HO)
)
Package hyperref Info: Hyper figures OFF on input line 4181.
Package hyperref Info: Link nesting OFF on input line 4186.
Package hyperref Info: Hyper index ON on input line 4189.
Package hyperref Info: Plain pages OFF on input line 4196.
Package hyperref Info: Backreferencing OFF on input line 4201.
Package hyperref Info: Implicit mode ON; LaTeX internals redefined.
Package hyperref Info: Bookmarks ON on input line 4448.
\c@Hy@tempcnt=\count301

(C:\Users\ASUS\AppData\Local\Programs\MiKTeX\tex/latex/url\url.sty
\Urlmuskip=\muskip16
Package: url 2013/09/16  ver 3.4  Verb mode for urls, etc.
)
LaTeX Info: Redefining \url on input line 4786.
\XeTeXLinkMargin=\dimen147

(C:\Users\ASUS\AppData\Local\Programs\MiKTeX\tex/generic/bitset\bitset.sty
Package: bitset 2019/12/09 v1.3 Handle bit-vector datatype (HO)

(C:\Users\ASUS\AppData\Local\Programs\MiKTeX\tex/generic/bigintcalc\bigintcalc.
sty
Package: bigintcalc 2019/12/15 v1.5 Expandable calculations on big integers (HO
)
))
\Fld@menulength=\count302
\Field@Width=\dimen148
\Fld@charsize=\dimen149
Package hyperref Info: Hyper figures OFF on input line 6065.
Package hyperref Info: Link nesting OFF on input line 6070.
Package hyperref Info: Hyper index ON on input line 6073.
Package hyperref Info: backreferencing OFF on input line 6080.
Package hyperref Info: Link coloring OFF on input line 6085.
Package hyperref Info: Link coloring with OCG OFF on input line 6090.
Package hyperref Info: PDF/A mode OFF on input line 6095.

(C:\Users\ASUS\AppData\Local\Programs\MiKTeX\tex/latex/base\atbegshi-ltx.sty
Package: atbegshi-ltx 2021/01/10 v1.0c Emulation of the original atbegshi
package with kernel methods
)
\Hy@abspage=\count303
\c@Item=\count304
\c@Hfootnote=\count305
)
Package hyperref Info: Driver (autodetected): hxetex.

(C:\Users\ASUS\AppData\Local\Programs\MiKTeX\tex/latex/hyperref\hxetex.def
File: hxetex.def 2023-11-26 v7.01g Hyperref driver for XeTeX

(C:\Users\ASUS\AppData\Local\Programs\MiKTeX\tex/generic/stringenc\stringenc.st
y
Package: stringenc 2019/11/29 v1.12 Convert strings between diff. encodings (HO
)
)
\pdfm@box=\box53
\c@Hy@AnnotLevel=\count306
\HyField@AnnotCount=\count307
\Fld@listcount=\count308
\c@bookmark@seq@number=\count309

(C:\Users\ASUS\AppData\Local\Programs\MiKTeX\tex/latex/rerunfilecheck\rerunfile
check.sty
Package: rerunfilecheck 2025-06-21 v1.11 Rerun checks for auxiliary files (HO)

(C:\Users\ASUS\AppData\Local\Programs\MiKTeX\tex/generic/uniquecounter\uniqueco
unter.sty
Package: uniquecounter 2019/12/15 v1.4 Provide unlimited unique counter (HO)
)
Package uniquecounter Info: New unique counter `rerunfilecheck' on input line 2
84.
)
\Hy@SectionHShift=\skip64
)
(C:\Users\ASUS\AppData\Local\Programs\MiKTeX\tex/latex/environ\environ.sty
Package: environ 2014/05/04 v0.3 A new way to define environments

(C:\Users\ASUS\AppData\Local\Programs\MiKTeX\tex/latex/trimspaces\trimspaces.st
y
Package: trimspaces 2009/09/17 v1.1 Trim spaces around a token list
)
\@envbody=\toks23
) (package.tex
(C:\Users\ASUS\AppData\Local\Programs\MiKTeX\tex/latex/lm\lmodern.sty
Package: lmodern 2015/05/01 v1.6.1 Latin Modern Fonts
LaTeX Font Info:    Overwriting symbol font `operators' in version `normal'
(Font)                  OT1/cmr/m/n --> OT1/lmr/m/n on input line 22.
LaTeX Font Info:    Overwriting symbol font `letters' in version `normal'
(Font)                  OML/cmm/m/it --> OML/lmm/m/it on input line 23.
LaTeX Font Info:    Overwriting symbol font `symbols' in version `normal'
(Font)                  OMS/cmsy/m/n --> OMS/lmsy/m/n on input line 24.
LaTeX Font Info:    Overwriting symbol font `largesymbols' in version `normal'
(Font)                  OMX/cmex/m/n --> OMX/lmex/m/n on input line 25.
LaTeX Font Info:    Overwriting symbol font `operators' in version `bold'
(Font)                  OT1/cmr/bx/n --> OT1/lmr/bx/n on input line 26.
LaTeX Font Info:    Overwriting symbol font `letters' in version `bold'
(Font)                  OML/cmm/b/it --> OML/lmm/b/it on input line 27.
LaTeX Font Info:    Overwriting symbol font `symbols' in version `bold'
(Font)                  OMS/cmsy/b/n --> OMS/lmsy/b/n on input line 28.
LaTeX Font Info:    Overwriting symbol font `largesymbols' in version `bold'
(Font)                  OMX/cmex/m/n --> OMX/lmex/m/n on input line 29.
LaTeX Font Info:    Overwriting math alphabet `\mathbf' in version `normal'
(Font)                  OT1/cmr/bx/n --> OT1/lmr/bx/n on input line 31.
LaTeX Font Info:    Overwriting math alphabet `\mathsf' in version `normal'
(Font)                  OT1/cmss/m/n --> OT1/lmss/m/n on input line 32.
LaTeX Font Info:    Overwriting math alphabet `\mathit' in version `normal'
(Font)                  OT1/cmr/m/it --> OT1/lmr/m/it on input line 33.
LaTeX Font Info:    Overwriting math alphabet `\mathtt' in version `normal'
(Font)                  OT1/cmtt/m/n --> OT1/lmtt/m/n on input line 34.
LaTeX Font Info:    Overwriting math alphabet `\mathbf' in version `bold'
(Font)                  OT1/cmr/bx/n --> OT1/lmr/bx/n on input line 35.
LaTeX Font Info:    Overwriting math alphabet `\mathsf' in version `bold'
(Font)                  OT1/cmss/bx/n --> OT1/lmss/bx/n on input line 36.
LaTeX Font Info:    Overwriting math alphabet `\mathit' in version `bold'
(Font)                  OT1/cmr/bx/it --> OT1/lmr/bx/it on input line 37.
LaTeX Font Info:    Overwriting math alphabet `\mathtt' in version `bold'
(Font)                  OT1/cmtt/m/n --> OT1/lmtt/m/n on input line 38.
)
(C:\Users\ASUS\AppData\Local\Programs\MiKTeX\tex/latex/base\inputenc.sty
Package: inputenc 2021/02/14 v1.3d Input encoding file
\inpenc@prehook=\toks24
\inpenc@posthook=\toks25


Package inputenc Warning: inputenc package ignored with utf8 based engines.

) (C:\Users\ASUS\AppData\Local\Programs\MiKTeX\tex/latex/base\fontenc.sty
Package: fontenc 2021/04/29 v2.0v Standard LaTeX package
LaTeX Font Info:    Trying to load font information for T1+lmr on input line 11
2.

(C:\Users\ASUS\AppData\Local\Programs\MiKTeX\tex/latex/lm\t1lmr.fd
File: t1lmr.fd 2015/05/01 v1.6.1 Font defs for Latin Modern
))
(C:\Users\ASUS\AppData\Local\Programs\MiKTeX\tex/generic/babel\babel.sty
Package: babel 2024/01/07 v24.1 The Babel package
\babel@savecnt=\count310
\U@D=\dimen150
\l@unhyphenated=\language79

(C:\Users\ASUS\AppData\Local\Programs\MiKTeX\tex/generic/babel\xebabel.def)
\bbl@readstream=\read3
\bbl@dirlevel=\count311

*************************************
* Local config file bblopts.cfg used
*
(C:\Users\ASUS\AppData\Local\Programs\MiKTeX\tex/latex/arabi\bblopts.cfg
File: bblopts.cfg 2005/09/08 v0.1 add Arabic and Farsi to "declared" options of
 babel
)
(C:\Users\ASUS\AppData\Local\Programs\MiKTeX\tex/generic/babel-french\french.ld
f
Language: french 2025-07-25 v4.0d French support from the babel system

(C:\Users\ASUS\AppData\Local\Programs\MiKTeX\tex/generic/babel-french\french3.l
df
Language: french 2025-07-25 v3.7d French support from the babel system
\FB@stdchar=\count312
Package french3.ldf Info: No need for active punctuation characters
(french3.ldf)             with this version of XeTeX!
(french3.ldf)             reported on input line 154.
\FB@punctthick=\XeTeXcharclass4
\FB@punctthin=\XeTeXcharclass5
\FB@punctnul=\XeTeXcharclass6
\FB@guilo=\XeTeXcharclass7
\FB@guilf=\XeTeXcharclass8
\FB@guilnul=\XeTeXcharclass9
\FBguill@level=\count313
\FBold@everypar=\toks26
\FB@Mht=\dimen151
\mc@charclass=\count314
\mc@charfam=\count315
\mc@charslot=\count316
\std@mcc=\count317
\dec@mcc=\count318
\FB@pardim=\dimen152
\listindentFB=\dimen153
\descindentFB=\dimen154
\labelindentFB=\dimen155
\labelwidthFB=\dimen156
\leftmarginFB=\dimen157
\parindentFFN=\dimen158
\FBfnindent=\dimen159
)))
(C:\Users\ASUS\AppData\Local\Programs\MiKTeX\tex/generic/babel/locale/fr\babel-
french.tex
Package babel Info: Importing font and identification data for french
(babel)             from babel-fr.ini. Reported on input line 11.
)
(C:\Users\ASUS\AppData\Local\Programs\MiKTeX\tex/latex/carlisle\scalefnt.sty)
(C:\Users\ASUS\AppData\Local\Programs\MiKTeX\tex/latex/amsmath\amsmath.sty
Package: amsmath 2023/05/13 v2.17o AMS math features
\@mathmargin=\skip65

For additional information on amsmath, use the `?' option.
(C:\Users\ASUS\AppData\Local\Programs\MiKTeX\tex/latex/amsmath\amstext.sty
Package: amstext 2021/08/26 v2.01 AMS text

(C:\Users\ASUS\AppData\Local\Programs\MiKTeX\tex/latex/amsmath\amsgen.sty
File: amsgen.sty 1999/11/30 v2.0 generic functions
\@emptytoks=\toks27
\ex@=\dimen160
))
(C:\Users\ASUS\AppData\Local\Programs\MiKTeX\tex/latex/amsmath\amsbsy.sty
Package: amsbsy 1999/11/29 v1.2d Bold Symbols
\pmbraise@=\dimen161
)
(C:\Users\ASUS\AppData\Local\Programs\MiKTeX\tex/latex/amsmath\amsopn.sty
Package: amsopn 2022/04/08 v2.04 operator names
)
\inf@bad=\count319
LaTeX Info: Redefining \frac on input line 234.
\uproot@=\count320
\leftroot@=\count321
LaTeX Info: Redefining \overline on input line 399.
LaTeX Info: Redefining \colon on input line 410.
\classnum@=\count322
\DOTSCASE@=\count323
LaTeX Info: Redefining \ldots on input line 496.
LaTeX Info: Redefining \dots on input line 499.
LaTeX Info: Redefining \cdots on input line 620.
\Mathstrutbox@=\box54
\strutbox@=\box55
LaTeX Info: Redefining \big on input line 722.
LaTeX Info: Redefining \Big on input line 723.
LaTeX Info: Redefining \bigg on input line 724.
LaTeX Info: Redefining \Bigg on input line 725.
\big@size=\dimen162
LaTeX Font Info:    Redeclaring font encoding OML on input line 743.
LaTeX Font Info:    Redeclaring font encoding OMS on input line 744.
\macc@depth=\count324
LaTeX Info: Redefining \bmod on input line 905.
LaTeX Info: Redefining \pmod on input line 910.
LaTeX Info: Redefining \smash on input line 940.
LaTeX Info: Redefining \relbar on input line 970.
LaTeX Info: Redefining \Relbar on input line 971.
\c@MaxMatrixCols=\count325
\dotsspace@=\muskip17
\c@parentequation=\count326
\dspbrk@lvl=\count327
\tag@help=\toks28
\row@=\count328
\column@=\count329
\maxfields@=\count330
\andhelp@=\toks29
\eqnshift@=\dimen163
\alignsep@=\dimen164
\tagshift@=\dimen165
\tagwidth@=\dimen166
\totwidth@=\dimen167
\lineht@=\dimen168
\@envbody=\toks30
\multlinegap=\skip66
\multlinetaggap=\skip67
\mathdisplay@stack=\toks31
LaTeX Info: Redefining \[ on input line 2953.
LaTeX Info: Redefining \] on input line 2954.
)
(C:\Users\ASUS\AppData\Local\Programs\MiKTeX\tex/latex/amsfonts\amsfonts.sty
Package: amsfonts 2013/01/14 v3.01 Basic AMSFonts support
\symAMSa=\mathgroup4
\symAMSb=\mathgroup5
LaTeX Font Info:    Redeclaring math symbol \hbar on input line 98.
LaTeX Font Info:    Overwriting math alphabet `\mathfrak' in version `bold'
(Font)                  U/euf/m/n --> U/euf/b/n on input line 106.
)
(C:\Users\ASUS\AppData\Local\Programs\MiKTeX\tex/latex/amsfonts\amssymb.sty
Package: amssymb 2013/01/14 v3.01 AMS font symbols
)
(C:\Users\ASUS\AppData\Local\Programs\MiKTeX\tex/latex/jknappen\mathrsfs.sty
Package: mathrsfs 1996/01/01 Math RSFS package v1.0 (jk)
\symrsfs=\mathgroup6
)
(C:\Users\ASUS\AppData\Local\Programs\MiKTeX\tex/latex/tools\multicol.sty
Package: multicol 2023/03/30 v1.9f multicolumn formatting (FMi)
\c@tracingmulticols=\count331
\mult@box=\box56
\multicol@leftmargin=\dimen169
\c@unbalance=\count332
\c@collectmore=\count333
\doublecol@number=\count334
\multicoltolerance=\count335
\multicolpretolerance=\count336
\full@width=\dimen170
\page@free=\dimen171
\premulticols=\dimen172
\postmulticols=\dimen173
\multicolsep=\skip68
\multicolbaselineskip=\skip69
\partial@page=\box57
\last@line=\box58
\mc@boxedresult=\box59
\maxbalancingoverflow=\dimen174
\mult@rightbox=\box60
\mult@grightbox=\box61
\mult@firstbox=\box62
\mult@gfirstbox=\box63
\@tempa=\box64
\@tempa=\box65
\@tempa=\box66
\@tempa=\box67
\@tempa=\box68
\@tempa=\box69
\@tempa=\box70
\@tempa=\box71
\@tempa=\box72
\@tempa=\box73
\@tempa=\box74
\@tempa=\box75
\@tempa=\box76
\@tempa=\box77
\@tempa=\box78
\@tempa=\box79
\@tempa=\box80
\@tempa=\box81
\@tempa=\box82
\@tempa=\box83
\@tempa=\box84
\@tempa=\box85
\@tempa=\box86
\@tempa=\box87
\@tempa=\box88
\@tempa=\box89
\@tempa=\box90
\@tempa=\box91
\@tempa=\box92
\@tempa=\box93
\@tempa=\box94
\@tempa=\box95
\@tempa=\box96
\@tempa=\box97
\@tempa=\box98
\@tempa=\box99
\c@minrows=\count337
\c@columnbadness=\count338
\c@finalcolumnbadness=\count339
\last@try=\dimen175
\multicolovershoot=\dimen176
\multicolundershoot=\dimen177
\mult@nat@firstbox=\box100
\colbreak@box=\box101
\mc@col@check@num=\count340
)
\c@theoreme=\count341
\c@lemme=\count342
\c@definition=\count343
\c@propriete=\count344
\c@exemple=\count345

(C:\Users\ASUS\AppData\Local\Programs\MiKTeX\tex/latex/pgf/frontendlayer\tikz.s
ty
(C:\Users\ASUS\AppData\Local\Programs\MiKTeX\tex/latex/pgf/basiclayer\pgf.sty
Package: pgf 2023-01-15 v3.1.10 (3.1.10)

(C:\Users\ASUS\AppData\Local\Programs\MiKTeX\tex/latex/pgf/basiclayer\pgfcore.s
ty (C:\Users\ASUS\AppData\Local\Programs\MiKTeX\tex/latex/graphics\graphicx.sty
Package: graphicx 2021/09/16 v1.2d Enhanced LaTeX Graphics (DPC,SPQR)
(C:\Users\ASUS\AppData\Local\Programs\MiKTeX\tex/latex/graphics\graphics.sty
Package: graphics 2022/03/10 v1.4e Standard LaTeX Graphics (DPC,SPQR)

(C:\Users\ASUS\AppData\Local\Programs\MiKTeX\tex/latex/graphics\trig.sty
Package: trig 2021/08/11 v1.11 sin cos tan (DPC)
)
(C:\Users\ASUS\AppData\Local\Programs\MiKTeX\tex/latex/graphics-cfg\graphics.cf
g
File: graphics.cfg 2016/06/04 v1.11 sample graphics configuration
)
Package graphics Info: Driver file: xetex.def on input line 107.

(C:\Users\ASUS\AppData\Local\Programs\MiKTeX\tex/latex/graphics-def\xetex.def
File: xetex.def 2022/09/22 v5.0n Graphics/color driver for xetex
))
\Gin@req@height=\dimen178
\Gin@req@width=\dimen179
)
(C:\Users\ASUS\AppData\Local\Programs\MiKTeX\tex/latex/pgf/systemlayer\pgfsys.s
ty
(C:\Users\ASUS\AppData\Local\Programs\MiKTeX\tex/generic/pgf/systemlayer\pgfsys
.code.tex
Package: pgfsys 2023-01-15 v3.1.10 (3.1.10)
\pgf@x=\dimen180
\pgf@y=\dimen181
\pgf@xa=\dimen182
\pgf@ya=\dimen183
\pgf@xb=\dimen184
\pgf@yb=\dimen185
\pgf@xc=\dimen186
\pgf@yc=\dimen187
\pgf@xd=\dimen188
\pgf@yd=\dimen189
\w@pgf@writea=\write4
\r@pgf@reada=\read4
\c@pgf@counta=\count346
\c@pgf@countb=\count347
\c@pgf@countc=\count348
\c@pgf@countd=\count349
\t@pgf@toka=\toks32
\t@pgf@tokb=\toks33
\t@pgf@tokc=\toks34
\pgf@sys@id@count=\count350

(C:\Users\ASUS\AppData\Local\Programs\MiKTeX\tex/generic/pgf/systemlayer\pgf.cf
g
File: pgf.cfg 2023-01-15 v3.1.10 (3.1.10)
)
Driver file for pgf: pgfsys-xetex.def

(C:\Users\ASUS\AppData\Local\Programs\MiKTeX\tex/generic/pgf/systemlayer\pgfsys
-xetex.def
File: pgfsys-xetex.def 2023-01-15 v3.1.10 (3.1.10)

(C:\Users\ASUS\AppData\Local\Programs\MiKTeX\tex/generic/pgf/systemlayer\pgfsys
-dvipdfmx.def
File: pgfsys-dvipdfmx.def 2023-01-15 v3.1.10 (3.1.10)

(C:\Users\ASUS\AppData\Local\Programs\MiKTeX\tex/generic/pgf/systemlayer\pgfsys
-common-pdf.def
File: pgfsys-common-pdf.def 2023-01-15 v3.1.10 (3.1.10)
)
\pgfsys@objnum=\count351
)))
(C:\Users\ASUS\AppData\Local\Programs\MiKTeX\tex/generic/pgf/systemlayer\pgfsys
softpath.code.tex
File: pgfsyssoftpath.code.tex 2023-01-15 v3.1.10 (3.1.10)
\pgfsyssoftpath@smallbuffer@items=\count352
\pgfsyssoftpath@bigbuffer@items=\count353
)
(C:\Users\ASUS\AppData\Local\Programs\MiKTeX\tex/generic/pgf/systemlayer\pgfsys
protocol.code.tex
File: pgfsysprotocol.code.tex 2023-01-15 v3.1.10 (3.1.10)
))
(C:\Users\ASUS\AppData\Local\Programs\MiKTeX\tex/latex/xcolor\xcolor.sty
Package: xcolor 2023/11/15 v3.01 LaTeX color extensions (UK)

(C:\Users\ASUS\AppData\Local\Programs\MiKTeX\tex/latex/graphics-cfg\color.cfg
File: color.cfg 2016/01/02 v1.6 sample color configuration
)
Package xcolor Info: Driver file: xetex.def on input line 274.

(C:\Users\ASUS\AppData\Local\Programs\MiKTeX\tex/latex/graphics\mathcolor.ltx)
Package xcolor Info: Model `cmy' substituted by `cmy0' on input line 1350.
Package xcolor Info: Model `RGB' extended on input line 1366.
Package xcolor Info: Model `HTML' substituted by `rgb' on input line 1368.
Package xcolor Info: Model `Hsb' substituted by `hsb' on input line 1369.
Package xcolor Info: Model `tHsb' substituted by `hsb' on input line 1370.
Package xcolor Info: Model `HSB' substituted by `hsb' on input line 1371.
Package xcolor Info: Model `Gray' substituted by `gray' on input line 1372.
Package xcolor Info: Model `wave' substituted by `hsb' on input line 1373.
)
(C:\Users\ASUS\AppData\Local\Programs\MiKTeX\tex/generic/pgf/basiclayer\pgfcore
.code.tex
Package: pgfcore 2023-01-15 v3.1.10 (3.1.10)

(C:\Users\ASUS\AppData\Local\Programs\MiKTeX\tex/generic/pgf/math\pgfmath.code.
tex
(C:\Users\ASUS\AppData\Local\Programs\MiKTeX\tex/generic/pgf/math\pgfmathutil.c
ode.tex)
(C:\Users\ASUS\AppData\Local\Programs\MiKTeX\tex/generic/pgf/math\pgfmathparser
.code.tex
\pgfmath@dimen=\dimen190
\pgfmath@count=\count354
\pgfmath@box=\box102
\pgfmath@toks=\toks35
\pgfmath@stack@operand=\toks36
\pgfmath@stack@operation=\toks37
)
(C:\Users\ASUS\AppData\Local\Programs\MiKTeX\tex/generic/pgf/math\pgfmathfuncti
ons.code.tex)
(C:\Users\ASUS\AppData\Local\Programs\MiKTeX\tex/generic/pgf/math\pgfmathfuncti
ons.basic.code.tex)
(C:\Users\ASUS\AppData\Local\Programs\MiKTeX\tex/generic/pgf/math\pgfmathfuncti
ons.trigonometric.code.tex)
(C:\Users\ASUS\AppData\Local\Programs\MiKTeX\tex/generic/pgf/math\pgfmathfuncti
ons.random.code.tex)
(C:\Users\ASUS\AppData\Local\Programs\MiKTeX\tex/generic/pgf/math\pgfmathfuncti
ons.comparison.code.tex)
(C:\Users\ASUS\AppData\Local\Programs\MiKTeX\tex/generic/pgf/math\pgfmathfuncti
ons.base.code.tex)
(C:\Users\ASUS\AppData\Local\Programs\MiKTeX\tex/generic/pgf/math\pgfmathfuncti
ons.round.code.tex)
(C:\Users\ASUS\AppData\Local\Programs\MiKTeX\tex/generic/pgf/math\pgfmathfuncti
ons.misc.code.tex)
(C:\Users\ASUS\AppData\Local\Programs\MiKTeX\tex/generic/pgf/math\pgfmathfuncti
ons.integerarithmetics.code.tex)
(C:\Users\ASUS\AppData\Local\Programs\MiKTeX\tex/generic/pgf/math\pgfmathcalc.c
ode.tex)
(C:\Users\ASUS\AppData\Local\Programs\MiKTeX\tex/generic/pgf/math\pgfmathfloat.
code.tex
\c@pgfmathroundto@lastzeros=\count355
))
(C:\Users\ASUS\AppData\Local\Programs\MiKTeX\tex/generic/pgf/math\pgfint.code.t
ex)
(C:\Users\ASUS\AppData\Local\Programs\MiKTeX\tex/generic/pgf/basiclayer\pgfcore
points.code.tex
File: pgfcorepoints.code.tex 2023-01-15 v3.1.10 (3.1.10)
\pgf@picminx=\dimen191
\pgf@picmaxx=\dimen192
\pgf@picminy=\dimen193
\pgf@picmaxy=\dimen194
\pgf@pathminx=\dimen195
\pgf@pathmaxx=\dimen196
\pgf@pathminy=\dimen197
\pgf@pathmaxy=\dimen198
\pgf@xx=\dimen199
\pgf@xy=\dimen256
\pgf@yx=\dimen257
\pgf@yy=\dimen258
\pgf@zx=\dimen259
\pgf@zy=\dimen260
)
(C:\Users\ASUS\AppData\Local\Programs\MiKTeX\tex/generic/pgf/basiclayer\pgfcore
pathconstruct.code.tex
File: pgfcorepathconstruct.code.tex 2023-01-15 v3.1.10 (3.1.10)
\pgf@path@lastx=\dimen261
\pgf@path@lasty=\dimen262
)
(C:\Users\ASUS\AppData\Local\Programs\MiKTeX\tex/generic/pgf/basiclayer\pgfcore
pathusage.code.tex
File: pgfcorepathusage.code.tex 2023-01-15 v3.1.10 (3.1.10)
\pgf@shorten@end@additional=\dimen263
\pgf@shorten@start@additional=\dimen264
)
(C:\Users\ASUS\AppData\Local\Programs\MiKTeX\tex/generic/pgf/basiclayer\pgfcore
scopes.code.tex
File: pgfcorescopes.code.tex 2023-01-15 v3.1.10 (3.1.10)
\pgfpic=\box103
\pgf@hbox=\box104
\pgf@layerbox@main=\box105
\pgf@picture@serial@count=\count356
)
(C:\Users\ASUS\AppData\Local\Programs\MiKTeX\tex/generic/pgf/basiclayer\pgfcore
graphicstate.code.tex
File: pgfcoregraphicstate.code.tex 2023-01-15 v3.1.10 (3.1.10)
\pgflinewidth=\dimen265
)
(C:\Users\ASUS\AppData\Local\Programs\MiKTeX\tex/generic/pgf/basiclayer\pgfcore
transformations.code.tex
File: pgfcoretransformations.code.tex 2023-01-15 v3.1.10 (3.1.10)
\pgf@pt@x=\dimen266
\pgf@pt@y=\dimen267
\pgf@pt@temp=\dimen268
)
(C:\Users\ASUS\AppData\Local\Programs\MiKTeX\tex/generic/pgf/basiclayer\pgfcore
quick.code.tex
File: pgfcorequick.code.tex 2023-01-15 v3.1.10 (3.1.10)
)
(C:\Users\ASUS\AppData\Local\Programs\MiKTeX\tex/generic/pgf/basiclayer\pgfcore
objects.code.tex
File: pgfcoreobjects.code.tex 2023-01-15 v3.1.10 (3.1.10)
)
(C:\Users\ASUS\AppData\Local\Programs\MiKTeX\tex/generic/pgf/basiclayer\pgfcore
pathprocessing.code.tex
File: pgfcorepathprocessing.code.tex 2023-01-15 v3.1.10 (3.1.10)
)
(C:\Users\ASUS\AppData\Local\Programs\MiKTeX\tex/generic/pgf/basiclayer\pgfcore
arrows.code.tex
File: pgfcorearrows.code.tex 2023-01-15 v3.1.10 (3.1.10)
\pgfarrowsep=\dimen269
)
(C:\Users\ASUS\AppData\Local\Programs\MiKTeX\tex/generic/pgf/basiclayer\pgfcore
shade.code.tex
File: pgfcoreshade.code.tex 2023-01-15 v3.1.10 (3.1.10)
\pgf@max=\dimen270
\pgf@sys@shading@range@num=\count357
\pgf@shadingcount=\count358
)
(C:\Users\ASUS\AppData\Local\Programs\MiKTeX\tex/generic/pgf/basiclayer\pgfcore
image.code.tex
File: pgfcoreimage.code.tex 2023-01-15 v3.1.10 (3.1.10)
)
(C:\Users\ASUS\AppData\Local\Programs\MiKTeX\tex/generic/pgf/basiclayer\pgfcore
external.code.tex
File: pgfcoreexternal.code.tex 2023-01-15 v3.1.10 (3.1.10)
\pgfexternal@startupbox=\box106
)
(C:\Users\ASUS\AppData\Local\Programs\MiKTeX\tex/generic/pgf/basiclayer\pgfcore
layers.code.tex
File: pgfcorelayers.code.tex 2023-01-15 v3.1.10 (3.1.10)
)
(C:\Users\ASUS\AppData\Local\Programs\MiKTeX\tex/generic/pgf/basiclayer\pgfcore
transparency.code.tex
File: pgfcoretransparency.code.tex 2023-01-15 v3.1.10 (3.1.10)
)
(C:\Users\ASUS\AppData\Local\Programs\MiKTeX\tex/generic/pgf/basiclayer\pgfcore
patterns.code.tex
File: pgfcorepatterns.code.tex 2023-01-15 v3.1.10 (3.1.10)
)
(C:\Users\ASUS\AppData\Local\Programs\MiKTeX\tex/generic/pgf/basiclayer\pgfcore
rdf.code.tex
File: pgfcorerdf.code.tex 2023-01-15 v3.1.10 (3.1.10)
)))
(C:\Users\ASUS\AppData\Local\Programs\MiKTeX\tex/generic/pgf/modules\pgfmodules
hapes.code.tex
File: pgfmoduleshapes.code.tex 2023-01-15 v3.1.10 (3.1.10)
\pgfnodeparttextbox=\box107
)
(C:\Users\ASUS\AppData\Local\Programs\MiKTeX\tex/generic/pgf/modules\pgfmodulep
lot.code.tex
File: pgfmoduleplot.code.tex 2023-01-15 v3.1.10 (3.1.10)
)
(C:\Users\ASUS\AppData\Local\Programs\MiKTeX\tex/latex/pgf/compatibility\pgfcom
p-version-0-65.sty
Package: pgfcomp-version-0-65 2023-01-15 v3.1.10 (3.1.10)
\pgf@nodesepstart=\dimen271
\pgf@nodesepend=\dimen272
)
(C:\Users\ASUS\AppData\Local\Programs\MiKTeX\tex/latex/pgf/compatibility\pgfcom
p-version-1-18.sty
Package: pgfcomp-version-1-18 2023-01-15 v3.1.10 (3.1.10)
))
(C:\Users\ASUS\AppData\Local\Programs\MiKTeX\tex/latex/pgf/utilities\pgffor.sty
(C:\Users\ASUS\AppData\Local\Programs\MiKTeX\tex/latex/pgf/math\pgfmath.sty
(C:\Users\ASUS\AppData\Local\Programs\MiKTeX\tex/generic/pgf/math\pgfmath.code.
tex))
(C:\Users\ASUS\AppData\Local\Programs\MiKTeX\tex/generic/pgf/utilities\pgffor.c
ode.tex
Package: pgffor 2023-01-15 v3.1.10 (3.1.10)
\pgffor@iter=\dimen273
\pgffor@skip=\dimen274
\pgffor@stack=\toks38
\pgffor@toks=\toks39
))
(C:\Users\ASUS\AppData\Local\Programs\MiKTeX\tex/generic/pgf/frontendlayer/tikz
\tikz.code.tex
Package: tikz 2023-01-15 v3.1.10 (3.1.10)

(C:\Users\ASUS\AppData\Local\Programs\MiKTeX\tex/generic/pgf/libraries\pgflibra
ryplothandlers.code.tex
File: pgflibraryplothandlers.code.tex 2023-01-15 v3.1.10 (3.1.10)
\pgf@plot@mark@count=\count359
\pgfplotmarksize=\dimen275
)
\tikz@lastx=\dimen276
\tikz@lasty=\dimen277
\tikz@lastxsaved=\dimen278
\tikz@lastysaved=\dimen279
\tikz@lastmovetox=\dimen280
\tikz@lastmovetoy=\dimen281
\tikzleveldistance=\dimen282
\tikzsiblingdistance=\dimen283
\tikz@figbox=\box108
\tikz@figbox@bg=\box109
\tikz@tempbox=\box110
\tikz@tempbox@bg=\box111
\tikztreelevel=\count360
\tikznumberofchildren=\count361
\tikznumberofcurrentchild=\count362
\tikz@fig@count=\count363

(C:\Users\ASUS\AppData\Local\Programs\MiKTeX\tex/generic/pgf/modules\pgfmodulem
atrix.code.tex
File: pgfmodulematrix.code.tex 2023-01-15 v3.1.10 (3.1.10)
\pgfmatrixcurrentrow=\count364
\pgfmatrixcurrentcolumn=\count365
\pgf@matrix@numberofcolumns=\count366
)
\tikz@expandcount=\count367

(C:\Users\ASUS\AppData\Local\Programs\MiKTeX\tex/generic/pgf/frontendlayer/tikz
/libraries\tikzlibrarytopaths.code.tex
File: tikzlibrarytopaths.code.tex 2023-01-15 v3.1.10 (3.1.10)
)))) (main.aux

LaTeX Warning: Label `elem:{cochon}_sansethym' multiply defined.


LaTeX Warning: Label `elem:{pelle}_sansethym' multiply defined.


LaTeX Warning: Label `elem:{pouvoir}_sansethym' multiply defined.


LaTeX Warning: Label `elem:obelîks' multiply defined.


LaTeX Warning: Label `elem:în' multiply defined.


LaTeX Warning: Label `elem:atârt' multiply defined.


LaTeX Warning: Label `elem:ulês' multiply defined.


LaTeX Warning: Label `elem:bedesêg' multiply defined.


LaTeX Warning: Label `elem:bataî' multiply defined.


LaTeX Warning: Label `elem:charlestôn' multiply defined.


LaTeX Warning: Label `elem:chrûk' multiply defined.


LaTeX Warning: Label `elem:dâ' multiply defined.


LaTeX Warning: Label `elem:dpîk' multiply defined.


LaTeX Warning: Label `elem:kikônt' multiply defined.


LaTeX Warning: Label `elem:kilêg' multiply defined.


LaTeX Warning: Label `elem:kilêg' multiply defined.


LaTeX Warning: Label `elem:kilîg' multiply defined.


LaTeX Warning: Label `elem:tûrn' multiply defined.


LaTeX Warning: Label `elem:pokêm' multiply defined.


LaTeX Warning: Label `elem:ranjêrs' multiply defined.


LaTeX Warning: Label `elem:serviêt' multiply defined.


LaTeX Warning: Label `elem:sît' multiply defined.


LaTeX Warning: Label `elem:sitêg' multiply defined.


LaTeX Warning: Label `elem:sitêg' multiply defined.


LaTeX Warning: Label `elem:sitî' multiply defined.


LaTeX Warning: Label `elem:sitîg' multiply defined.


LaTeX Warning: Label `elem:strûnz' multiply defined.


LaTeX Warning: Label `elem:strûng' multiply defined.


LaTeX Warning: Label `elem:lojisiêl' multiply defined.


LaTeX Warning: Label `elem:ludêg' multiply defined.


LaTeX Warning: Label `elem:ludêg' multiply defined.


LaTeX Warning: Label `elem:ludîg' multiply defined.


LaTeX Warning: Label `elem:cochon' multiply defined.


LaTeX Warning: Label `cochon' multiply defined.


LaTeX Warning: Label `elem:pelle' multiply defined.


LaTeX Warning: Label `pelle' multiply defined.


LaTeX Warning: Label `elem:pouvoir' multiply defined.


LaTeX Warning: Label `pouvoir' multiply defined.

)
\openout1 = `main.aux'.

LaTeX Font Info:    Checking defaults for OML/cmm/m/it on input line 267.
LaTeX Font Info:    ... okay on input line 267.
LaTeX Font Info:    Checking defaults for OMS/cmsy/m/n on input line 267.
LaTeX Font Info:    ... okay on input line 267.
LaTeX Font Info:    Checking defaults for OT1/cmr/m/n on input line 267.
LaTeX Font Info:    ... okay on input line 267.
LaTeX Font Info:    Checking defaults for T1/cmr/m/n on input line 267.
LaTeX Font Info:    ... okay on input line 267.
LaTeX Font Info:    Checking defaults for TS1/cmr/m/n on input line 267.
LaTeX Font Info:    Trying to load font information for TS1+cmr on input line 2
67.
 (C:\Users\ASUS\AppData\Local\Programs\MiKTeX\tex/latex/base\ts1cmr.fd
File: ts1cmr.fd 2023/04/13 v2.5m Standard LaTeX font definitions
)
LaTeX Font Info:    ... okay on input line 267.
LaTeX Font Info:    Checking defaults for TU/lmr/m/n on input line 267.
LaTeX Font Info:    ... okay on input line 267.
LaTeX Font Info:    Checking defaults for OMX/cmex/m/n on input line 267.
LaTeX Font Info:    ... okay on input line 267.
LaTeX Font Info:    Checking defaults for U/cmr/m/n on input line 267.
LaTeX Font Info:    ... okay on input line 267.
LaTeX Font Info:    Checking defaults for PD1/pdf/m/n on input line 267.
LaTeX Font Info:    ... okay on input line 267.
LaTeX Font Info:    Checking defaults for PU/pdf/m/n on input line 267.
LaTeX Font Info:    ... okay on input line 267.
Package hyperref Info: Link coloring OFF on input line 267.

(main.out) (main.out)
\@outlinefile=\write5
\openout5 = `main.out'.


Package fontspec Info: Could not resolve font "ErnestFont/BI" (it probably
(fontspec)             doesn't exist).


Package fontspec Info: Could not resolve font "ErnestFont/B" (it probably
(fontspec)             doesn't exist).


Package fontspec Info: Could not resolve font "ErnestFont/I" (it probably
(fontspec)             doesn't exist).


Package fontspec Info: Font family 'ErnestFont(0)' created for font
(fontspec)             'ErnestFont' with options [].
(fontspec)              
(fontspec)              This font family consists of the following NFSS
(fontspec)             series/shapes:
(fontspec)              
(fontspec)             - 'normal' (m/n) with NFSS spec.:
(fontspec)             <->"ErnestFont/OT:language=dflt;"
(fontspec)             - 'small caps'  (m/sc) with NFSS spec.: 

LaTeX Font Info:    Trying to load font information for OT1+lmr on input line 2
75.

(C:\Users\ASUS\AppData\Local\Programs\MiKTeX\tex/latex/lm\ot1lmr.fd
File: ot1lmr.fd 2015/05/01 v1.6.1 Font defs for Latin Modern
)
LaTeX Font Info:    Trying to load font information for OML+lmm on input line 2
75.

(C:\Users\ASUS\AppData\Local\Programs\MiKTeX\tex/latex/lm\omllmm.fd
File: omllmm.fd 2015/05/01 v1.6.1 Font defs for Latin Modern
)
LaTeX Font Info:    Trying to load font information for OMS+lmsy on input line 
275.

(C:\Users\ASUS\AppData\Local\Programs\MiKTeX\tex/latex/lm\omslmsy.fd
File: omslmsy.fd 2015/05/01 v1.6.1 Font defs for Latin Modern
)
LaTeX Font Info:    Trying to load font information for OMX+lmex on input line 
275.

(C:\Users\ASUS\AppData\Local\Programs\MiKTeX\tex/latex/lm\omxlmex.fd
File: omxlmex.fd 2015/05/01 v1.6.1 Font defs for Latin Modern
)
LaTeX Font Info:    External font `lmex10' loaded for size
(Font)              <14.4> on input line 275.
LaTeX Font Info:    External font `lmex10' loaded for size
(Font)              <10> on input line 275.
LaTeX Font Info:    External font `lmex10' loaded for size
(Font)              <7> on input line 275.
LaTeX Font Info:    Trying to load font information for U+msa on input line 275
.

(C:\Users\ASUS\AppData\Local\Programs\MiKTeX\tex/latex/amsfonts\umsa.fd
File: umsa.fd 2013/01/14 v3.01 AMS symbols A
)
LaTeX Font Info:    Trying to load font information for U+msb on input line 275
.

(C:\Users\ASUS\AppData\Local\Programs\MiKTeX\tex/latex/amsfonts\umsb.fd
File: umsb.fd 2013/01/14 v3.01 AMS symbols B
)
LaTeX Font Info:    Trying to load font information for U+rsfs on input line 27
5.

(C:\Users\ASUS\AppData\Local\Programs\MiKTeX\tex/latex/jknappen\ursfs.fd
File: ursfs.fd 1998/03/24 rsfs font definition file (jk)
)
[1

]
LaTeX Font Info:    External font `lmex10' loaded for size
(Font)              <12> on input line 296.
LaTeX Font Info:    External font `lmex10' loaded for size
(Font)              <8> on input line 296.
LaTeX Font Info:    External font `lmex10' loaded for size
(Font)              <6> on input line 296.


Package fancyhdr Warning: \headheight is too small (12.0pt): 
(fancyhdr)                Make it at least 14.49998pt, for example:
(fancyhdr)                \setlength{\headheight}{14.49998pt}.
(fancyhdr)                You might also make \topmargin smaller:
(fancyhdr)                \addtolength{\topmargin}{-2.49998pt}.

[1]
Overfull \hbox (12.83366pt too wide) in paragraph at lines 352--353
\T1/lmr/m/n/12 Les ou-tils re-la-tifs aux pierres (pioche par exemple) se disen
t \TU/ErnestFont(0)/m/n/10.95 strunzôl \T1/lmr/m/n/12 (strunzôl)
 []


Package fancyhdr Warning: \headheight is too small (12.0pt): 
(fancyhdr)                Make it at least 14.49998pt, for example:
(fancyhdr)                \setlength{\headheight}{14.49998pt}.
(fancyhdr)                You might also make \topmargin smaller:
(fancyhdr)                \addtolength{\topmargin}{-2.49998pt}.

[2]

Package fancyhdr Warning: \headheight is too small (12.0pt): 
(fancyhdr)                Make it at least 14.49998pt, for example:
(fancyhdr)                \setlength{\headheight}{14.49998pt}.
(fancyhdr)                You might also make \topmargin smaller:
(fancyhdr)                \addtolength{\topmargin}{-2.49998pt}.

[3]
Missing character: There is no • in font ec-lmbx12!

Underfull \hbox (badness 10000) in paragraph at lines 378--382

 []


Underfull \hbox (badness 10000) in paragraph at lines 378--382
\T1/lmr/bx/n/24.88 A
 []


Underfull \hbox (badness 10000) in paragraph at lines 378--382

 []


Underfull \hbox (badness 10000) in paragraph at lines 378--382
\T1/lmr/bx/n/24.88 B
 []


Underfull \hbox (badness 7504) in paragraph at lines 378--382
[][]\T1/lmr/bx/n/12 blaze (Mi-ne-craft)[] \T1/lmr/m/n/12 --- \TU/ErnestFont(0)/
m/n/10.95 aleîz
 []


Underfull \hbox (badness 6708) in paragraph at lines 378--382
[][]\T1/lmr/bx/n/12 breeze (Mi-ne-craft)[] \T1/lmr/m/n/12 --- \TU/ErnestFont(0)
/m/n/10.95 alîz
 []


Underfull \hbox (badness 10000) in paragraph at lines 378--382

 []


Underfull \hbox (badness 10000) in paragraph at lines 378--382
\T1/lmr/bx/n/24.88 C
 []


Underfull \hbox (badness 10000) in paragraph at lines 378--382
[][]\T1/lmr/bx/n/12 champimeuh[] \T1/lmr/m/n/12 --- \TU/ErnestFont(0)/m/n/10.95
 muuujemoâ
 []


Underfull \hbox (badness 7963) in paragraph at lines 378--382
[][]\T1/lmr/bx/n/12 contraire (pré-fixe)[] \T1/lmr/m/n/12 --- \TU/ErnestFont(0)
/m/n/10.95 mal^^U
 []


Underfull \hbox (badness 10000) in paragraph at lines 378--382

 []


Underfull \hbox (badness 10000) in paragraph at lines 378--382
\T1/lmr/bx/n/24.88 D
 []


Underfull \hbox (badness 10000) in paragraph at lines 378--382

 []


Underfull \hbox (badness 10000) in paragraph at lines 378--382
\T1/lmr/bx/n/24.88 E
 []


Underfull \hbox (badness 10000) in paragraph at lines 378--382
[][]\T1/lmr/bx/n/12 End (Mi-ne-craft)[] \T1/lmr/m/n/12 --- \TU/ErnestFont(0)/m/
n/10.95 omegô
 []


Underfull \hbox (badness 10000) in paragraph at lines 378--382

 []


Underfull \hbox (badness 10000) in paragraph at lines 378--382
\T1/lmr/bx/n/24.88 F
 []


Underfull \hbox (badness 10000) in paragraph at lines 378--382

 []


Underfull \hbox (badness 10000) in paragraph at lines 378--382
\T1/lmr/bx/n/24.88 G
 []


Underfull \hbox (badness 10000) in paragraph at lines 378--382
[][]\T1/lmr/bx/n/12 ghast (Mi-ne-craft)[] \T1/lmr/m/n/12 --- \TU/ErnestFont(0)/
m/n/10.95 ponê
 []


Underfull \hbox (badness 10000) in paragraph at lines 378--382

 []


Underfull \hbox (badness 10000) in paragraph at lines 378--382
\T1/lmr/bx/n/24.88 H
 []


Underfull \hbox (badness 10000) in paragraph at lines 378--382

 []


Underfull \hbox (badness 10000) in paragraph at lines 378--382
\T1/lmr/bx/n/24.88 I
 []


Underfull \hbox (badness 6236) in paragraph at lines 378--382
[][]\T1/lmr/bx/n/12 impératif (par-ti-cule sur le
 []


Underfull \hbox (badness 10000) in paragraph at lines 378--382

 []


Underfull \hbox (badness 10000) in paragraph at lines 378--382
\T1/lmr/bx/n/24.88 J
 []


Underfull \hbox (badness 10000) in paragraph at lines 378--382

 []


Underfull \hbox (badness 10000) in paragraph at lines 378--382
\T1/lmr/bx/n/24.88 K
 []


Underfull \hbox (badness 10000) in paragraph at lines 378--382

 []


Underfull \hbox (badness 10000) in paragraph at lines 378--382
\T1/lmr/bx/n/24.88 L
 []


Underfull \hbox (badness 10000) in paragraph at lines 378--382

 []


Underfull \hbox (badness 10000) in paragraph at lines 378--382
\T1/lmr/bx/n/24.88 M
 []


Underfull \hbox (badness 10000) in paragraph at lines 378--382

 []


Underfull \hbox (badness 10000) in paragraph at lines 378--382
\T1/lmr/bx/n/24.88 N
 []


Underfull \hbox (badness 10000) in paragraph at lines 378--382

 []


Underfull \hbox (badness 10000) in paragraph at lines 378--382
\T1/lmr/bx/n/24.88 O
 []


Underfull \hbox (badness 10000) in paragraph at lines 378--382

 []


Underfull \hbox (badness 10000) in paragraph at lines 378--382
\T1/lmr/bx/n/24.88 P
 []


Underfull \hbox (badness 6204) in paragraph at lines 378--382
[][]\T1/lmr/bx/n/12 palais de jus-tice[] \T1/lmr/m/n/12 --- \TU/ErnestFont(0)/m
/n/10.95 akabô
 []


Underfull \hbox (badness 10000) in paragraph at lines 378--382

 []


Underfull \hbox (badness 10000) in paragraph at lines 378--382
\T1/lmr/bx/n/24.88 Q
 []


Underfull \hbox (badness 10000) in paragraph at lines 378--382

 []


Underfull \hbox (badness 10000) in paragraph at lines 378--382
\T1/lmr/bx/n/24.88 R
 []


Underfull \hbox (badness 10000) in paragraph at lines 378--382
[][]\T1/lmr/bx/n/12 roquefort[] \T1/lmr/m/n/12 --- \TU/ErnestFont(0)/m/n/10.95 
strunzstrûnz
 []


Underfull \hbox (badness 10000) in paragraph at lines 378--382

 []


Underfull \hbox (badness 10000) in paragraph at lines 378--382
\T1/lmr/bx/n/24.88 S
 []


Underfull \hbox (badness 10000) in paragraph at lines 378--382
[][]\T1/lmr/bx/n/12 sous-terrain[] \T1/lmr/m/n/12 --- \TU/ErnestFont(0)/m/n/10.
95 malchotûrng
 []


Underfull \hbox (badness 10000) in paragraph at lines 378--382

 []


Underfull \hbox (badness 10000) in paragraph at lines 378--382
\T1/lmr/bx/n/24.88 T
 []


Underfull \hbox (badness 10000) in paragraph at lines 378--382

 []


Underfull \hbox (badness 10000) in paragraph at lines 378--382
\T1/lmr/bx/n/24.88 U
 []


Underfull \hbox (badness 10000) in paragraph at lines 378--382

 []


Underfull \hbox (badness 10000) in paragraph at lines 378--382
\T1/lmr/bx/n/24.88 V
 []


Underfull \hbox (badness 10000) in paragraph at lines 378--382

 []


Underfull \hbox (badness 10000) in paragraph at lines 378--382
\T1/lmr/bx/n/24.88 W
 []


Underfull \hbox (badness 10000) in paragraph at lines 378--382

 []


Underfull \hbox (badness 10000) in paragraph at lines 378--382
\T1/lmr/bx/n/24.88 Z
 []


Underfull \hbox (badness 10000) in paragraph at lines 378--382

 []


Package fancyhdr Warning: \headheight is too small (12.0pt): 
(fancyhdr)                Make it at least 14.49998pt, for example:
(fancyhdr)                \setlength{\headheight}{14.49998pt}.
(fancyhdr)                You might also make \topmargin smaller:
(fancyhdr)                \addtolength{\topmargin}{-2.49998pt}.

[4]

Package fancyhdr Warning: \headheight is too small (12.0pt): 
(fancyhdr)                Make it at least 14.49998pt, for example:
(fancyhdr)                \setlength{\headheight}{14.49998pt}.
(fancyhdr)                You might also make \topmargin smaller:
(fancyhdr)                \addtolength{\topmargin}{-2.49998pt}.

[5]

Package fancyhdr Warning: \headheight is too small (12.0pt): 
(fancyhdr)                Make it at least 14.49998pt, for example:
(fancyhdr)                \setlength{\headheight}{14.49998pt}.
(fancyhdr)                You might also make \topmargin smaller:
(fancyhdr)                \addtolength{\topmargin}{-2.49998pt}.

[6]

Package fancyhdr Warning: \headheight is too small (12.0pt): 
(fancyhdr)                Make it at least 14.49998pt, for example:
(fancyhdr)                \setlength{\headheight}{14.49998pt}.
(fancyhdr)                You might also make \topmargin smaller:
(fancyhdr)                \addtolength{\topmargin}{-2.49998pt}.

[7]

Package fancyhdr Warning: \headheight is too small (12.0pt): 
(fancyhdr)                Make it at least 14.49998pt, for example:
(fancyhdr)                \setlength{\headheight}{14.49998pt}.
(fancyhdr)                You might also make \topmargin smaller:
(fancyhdr)                \addtolength{\topmargin}{-2.49998pt}.

[8]

Package fancyhdr Warning: \headheight is too small (12.0pt): 
(fancyhdr)                Make it at least 14.49998pt, for example:
(fancyhdr)                \setlength{\headheight}{14.49998pt}.
(fancyhdr)                You might also make \topmargin smaller:
(fancyhdr)                \addtolength{\topmargin}{-2.49998pt}.

[9]

Package fancyhdr Warning: \headheight is too small (12.0pt): 
(fancyhdr)                Make it at least 14.49998pt, for example:
(fancyhdr)                \setlength{\headheight}{14.49998pt}.
(fancyhdr)                You might also make \topmargin smaller:
(fancyhdr)                \addtolength{\topmargin}{-2.49998pt}.

[10]

Package fancyhdr Warning: \headheight is too small (12.0pt): 
(fancyhdr)                Make it at least 14.49998pt, for example:
(fancyhdr)                \setlength{\headheight}{14.49998pt}.
(fancyhdr)                You might also make \topmargin smaller:
(fancyhdr)                \addtolength{\topmargin}{-2.49998pt}.

[11]

Package fancyhdr Warning: \headheight is too small (12.0pt): 
(fancyhdr)                Make it at least 14.49998pt, for example:
(fancyhdr)                \setlength{\headheight}{14.49998pt}.
(fancyhdr)                You might also make \topmargin smaller:
(fancyhdr)                \addtolength{\topmargin}{-2.49998pt}.

[12]

Package fancyhdr Warning: \headheight is too small (12.0pt): 
(fancyhdr)                Make it at least 14.49998pt, for example:
(fancyhdr)                \setlength{\headheight}{14.49998pt}.
(fancyhdr)                You might also make \topmargin smaller:
(fancyhdr)                \addtolength{\topmargin}{-2.49998pt}.

[13]

Package fancyhdr Warning: \headheight is too small (12.0pt): 
(fancyhdr)                Make it at least 14.49998pt, for example:
(fancyhdr)                \setlength{\headheight}{14.49998pt}.
(fancyhdr)                You might also make \topmargin smaller:
(fancyhdr)                \addtolength{\topmargin}{-2.49998pt}.

[14]

LaTeX Font Warning: Font shape `TU/ErnestFont(0)/bx/n' undefined
(Font)              using `TU/ErnestFont(0)/m/n' instead on input line 388.

Missing character: There is no • in font ec-lmr12!

Underfull \hbox (badness 10000) in paragraph at lines 391--395

 []


Underfull \hbox (badness 10000) in paragraph at lines 391--395
\TU/ErnestFont(0)/bx/n/24.88 O
 []


Underfull \hbox (badness 10000) in paragraph at lines 391--395

 []


Underfull \hbox (badness 10000) in paragraph at lines 391--395
\TU/ErnestFont(0)/bx/n/24.88 E
 []


Underfull \hbox (badness 10000) in paragraph at lines 391--395
[]\TU/ErnestFont(0)/bx/n/10.95 etimolojisekriî \T1/lmr/bx/n/12 (eti-mo-lo-ji-se
-
 []


Underfull \hbox (badness 10000) in paragraph at lines 391--395

 []


Underfull \hbox (badness 10000) in paragraph at lines 391--395
\TU/ErnestFont(0)/bx/n/24.88 I
 []


Underfull \hbox (badness 10000) in paragraph at lines 391--395

 []


Underfull \hbox (badness 10000) in paragraph at lines 391--395
\TU/ErnestFont(0)/bx/n/24.88 A
 []


Underfull \hbox (badness 10000) in paragraph at lines 391--395

 []


Underfull \hbox (badness 10000) in paragraph at lines 391--395
\TU/ErnestFont(0)/bx/n/24.88 U
 []


Underfull \hbox (badness 10000) in paragraph at lines 391--395

 []


Underfull \hbox (badness 10000) in paragraph at lines 391--395
\TU/ErnestFont(0)/bx/n/24.88 B
 []


Underfull \hbox (badness 10000) in paragraph at lines 391--395

 []


Underfull \hbox (badness 10000) in paragraph at lines 391--395
\TU/ErnestFont(0)/bx/n/24.88 J
 []


Underfull \hbox (badness 10000) in paragraph at lines 391--395
[]\TU/ErnestFont(0)/bx/n/10.95 jonestrûnz \T1/lmr/bx/n/12 (jo-nes-trûnz) \T1/lm
r/m/n/12 ---
 []


Underfull \hbox (badness 10000) in paragraph at lines 391--395

 []


Underfull \hbox (badness 10000) in paragraph at lines 391--395
\TU/ErnestFont(0)/bx/n/24.88 N
 []


Underfull \hbox (badness 10000) in paragraph at lines 391--395
[]\TU/ErnestFont(0)/bx/n/10.95 neveralôn \T1/lmr/bx/n/12 (ne-ve-ra-lôn) \T1/lmr
/m/n/12 ---
 []


Underfull \hbox (badness 10000) in paragraph at lines 391--395

 []


Underfull \hbox (badness 10000) in paragraph at lines 391--395
\TU/ErnestFont(0)/bx/n/24.88 M
 []


Underfull \hbox (badness 10000) in paragraph at lines 391--395
[]\TU/ErnestFont(0)/bx/n/10.95 makrodemisiô \T1/lmr/bx/n/12 (ma-kro-de-mi-siô)
 []


Underfull \hbox (badness 10000) in paragraph at lines 391--395
[]\TU/ErnestFont(0)/bx/n/10.95 makrodemisiôgz \T1/lmr/bx/n/12 (ma-kro-de-mi-
 []


Underfull \hbox (badness 10000) in paragraph at lines 391--395
[]\TU/ErnestFont(0)/bx/n/10.95 muuujemoâ \T1/lmr/bx/n/12 (muuu-je-moâ) \T1/lmr/
m/n/12 ---
 []


Underfull \hbox (badness 10000) in paragraph at lines 391--395

 []


Underfull \hbox (badness 10000) in paragraph at lines 391--395
\TU/ErnestFont(0)/bx/n/24.88 H
 []


Underfull \hbox (badness 10000) in paragraph at lines 391--395
[]\TU/ErnestFont(0)/bx/n/10.95 chapopontû \T1/lmr/bx/n/12 (cha-po-pontû) \T1/lm
r/m/n/12 ---
 []


Underfull \hbox (badness 10000) in paragraph at lines 391--395
[]\TU/ErnestFont(0)/bx/n/10.95 charlestôn \T1/lmr/bx/n/12 (char-les-tôn) \T1/lm
r/m/n/12 ---
 []


Underfull \hbox (badness 10000) in paragraph at lines 391--395
[]\TU/ErnestFont(0)/bx/n/10.95 chrukuzchôz \T1/lmr/bx/n/12 (chru-kuz-chôz) \T1/
lmr/m/n/12 ---
 []


Underfull \hbox (badness 10000) in paragraph at lines 391--395

 []


Underfull \hbox (badness 10000) in paragraph at lines 391--395
\TU/ErnestFont(0)/bx/n/24.88 D
 []


Underfull \hbox (badness 10000) in paragraph at lines 391--395

 []


Underfull \hbox (badness 10000) in paragraph at lines 391--395
\TU/ErnestFont(0)/bx/n/24.88 K
 []


Underfull \hbox (badness 10000) in paragraph at lines 391--395
[]\TU/ErnestFont(0)/bx/n/10.95 kartmultîg \T1/lmr/bx/n/12 (kart-mul-tîg) \T1/lm
r/m/n/12 ---
 []


Underfull \hbox (badness 10000) in paragraph at lines 391--395
[]\TU/ErnestFont(0)/bx/n/10.95 kartmultistrûnz \T1/lmr/bx/n/12 (kart-mul-tis-
 []


Underfull \hbox (badness 10000) in paragraph at lines 391--395

 []


Underfull \hbox (badness 10000) in paragraph at lines 391--395
\TU/ErnestFont(0)/bx/n/24.88 F
 []


Underfull \hbox (badness 10000) in paragraph at lines 391--395
[]\TU/ErnestFont(0)/bx/n/10.95 fluklondâz \T1/lmr/bx/n/12 (fluk-lon-dâz) \T1/lm
r/m/n/12 ---
 []


Underfull \hbox (badness 10000) in paragraph at lines 391--395

 []


Underfull \hbox (badness 10000) in paragraph at lines 391--395
\TU/ErnestFont(0)/bx/n/24.88 T
 []


Underfull \hbox (badness 10000) in paragraph at lines 391--395

 []


Underfull \hbox (badness 10000) in paragraph at lines 391--395
\TU/ErnestFont(0)/bx/n/24.88 Z
 []


Underfull \hbox (badness 10000) in paragraph at lines 391--395

 []


Underfull \hbox (badness 10000) in paragraph at lines 391--395
\TU/ErnestFont(0)/bx/n/24.88 P
 []


Underfull \hbox (badness 6542) in paragraph at lines 391--395
[]\TU/ErnestFont(0)/bx/n/10.95 pedeefbonâ \T1/lmr/bx/n/12 (pe-deef-bonâ) \T1/lm
r/m/n/12 ---
 []


Underfull \hbox (badness 5847) in paragraph at lines 391--395
[]\TU/ErnestFont(0)/bx/n/10.95 petipatapôl \T1/lmr/bx/n/12 (pe-ti-pa-ta-pôl) \T
1/lmr/m/n/12 ---
 []


Underfull \hbox (badness 10000) in paragraph at lines 391--395
[]\TU/ErnestFont(0)/bx/n/10.95 pabiologîk \T1/lmr/bx/n/12 (pa-bio-lo-gîk) \T1/l
mr/m/n/12 ---
 []


Underfull \hbox (badness 10000) in paragraph at lines 391--395

 []


Underfull \hbox (badness 10000) in paragraph at lines 391--395
\TU/ErnestFont(0)/bx/n/24.88 R
 []


Underfull \hbox (badness 10000) in paragraph at lines 391--395

 []


Underfull \hbox (badness 10000) in paragraph at lines 391--395
\TU/ErnestFont(0)/bx/n/24.88 G
 []


Underfull \hbox (badness 10000) in paragraph at lines 391--395

 []


Underfull \hbox (badness 10000) in paragraph at lines 391--395
\TU/ErnestFont(0)/bx/n/24.88 S
 []


Underfull \hbox (badness 10000) in paragraph at lines 391--395
[]\TU/ErnestFont(0)/bx/n/10.95 skelebleidiudlâ \T1/lmr/bx/n/12 (ske-le-blei-
 []


Underfull \hbox (badness 10000) in paragraph at lines 391--395

 []


Underfull \hbox (badness 10000) in paragraph at lines 391--395
\TU/ErnestFont(0)/bx/n/24.88 L
 []


Underfull \hbox (badness 10000) in paragraph at lines 391--395
[]\TU/ErnestFont(0)/bx/n/10.95 lazerkifepiupiû \T1/lmr/bx/n/12 (la-zer-ki-fe-pi
u-
 []


Underfull \hbox (badness 10000) in paragraph at lines 391--395
[]\TU/ErnestFont(0)/bx/n/10.95 lazerkifepiupiupiû \T1/lmr/bx/n/12 (la-zer-ki-fe
-
 []


Underfull \hbox (badness 10000) in paragraph at lines 391--395
[]\TU/ErnestFont(0)/bx/n/10.95 laskalsulvensôl \T1/lmr/bx/n/12 (las-kal-sul-
 []


Underfull \hbox (badness 10000) in paragraph at lines 391--395

 []


Underfull \hbox (badness 10000) in paragraph at lines 391--395
\TU/ErnestFont(0)/bx/n/24.88 V
 []


Underfull \hbox (badness 10000) in paragraph at lines 391--395

 []


Package fancyhdr Warning: \headheight is too small (12.0pt): 
(fancyhdr)                Make it at least 14.49998pt, for example:
(fancyhdr)                \setlength{\headheight}{14.49998pt}.
(fancyhdr)                You might also make \topmargin smaller:
(fancyhdr)                \addtolength{\topmargin}{-2.49998pt}.

[15]

Package fancyhdr Warning: \headheight is too small (12.0pt): 
(fancyhdr)                Make it at least 14.49998pt, for example:
(fancyhdr)                \setlength{\headheight}{14.49998pt}.
(fancyhdr)                You might also make \topmargin smaller:
(fancyhdr)                \addtolength{\topmargin}{-2.49998pt}.

[16]

Package fancyhdr Warning: \headheight is too small (12.0pt): 
(fancyhdr)                Make it at least 14.49998pt, for example:
(fancyhdr)                \setlength{\headheight}{14.49998pt}.
(fancyhdr)                You might also make \topmargin smaller:
(fancyhdr)                \addtolength{\topmargin}{-2.49998pt}.

[17]

Package fancyhdr Warning: \headheight is too small (12.0pt): 
(fancyhdr)                Make it at least 14.49998pt, for example:
(fancyhdr)                \setlength{\headheight}{14.49998pt}.
(fancyhdr)                You might also make \topmargin smaller:
(fancyhdr)                \addtolength{\topmargin}{-2.49998pt}.

[18]

Package fancyhdr Warning: \headheight is too small (12.0pt): 
(fancyhdr)                Make it at least 14.49998pt, for example:
(fancyhdr)                \setlength{\headheight}{14.49998pt}.
(fancyhdr)                You might also make \topmargin smaller:
(fancyhdr)                \addtolength{\topmargin}{-2.49998pt}.

[19]

Package fancyhdr Warning: \headheight is too small (12.0pt): 
(fancyhdr)                Make it at least 14.49998pt, for example:
(fancyhdr)                \setlength{\headheight}{14.49998pt}.
(fancyhdr)                You might also make \topmargin smaller:
(fancyhdr)                \addtolength{\topmargin}{-2.49998pt}.

[20]

Package fancyhdr Warning: \headheight is too small (12.0pt): 
(fancyhdr)                Make it at least 14.49998pt, for example:
(fancyhdr)                \setlength{\headheight}{14.49998pt}.
(fancyhdr)                You might also make \topmargin smaller:
(fancyhdr)                \addtolength{\topmargin}{-2.49998pt}.

[21]

Package fancyhdr Warning: \headheight is too small (12.0pt): 
(fancyhdr)                Make it at least 14.49998pt, for example:
(fancyhdr)                \setlength{\headheight}{14.49998pt}.
(fancyhdr)                You might also make \topmargin smaller:
(fancyhdr)                \addtolength{\topmargin}{-2.49998pt}.

[22]

Package fancyhdr Warning: \headheight is too small (12.0pt): 
(fancyhdr)                Make it at least 14.49998pt, for example:
(fancyhdr)                \setlength{\headheight}{14.49998pt}.
(fancyhdr)                You might also make \topmargin smaller:
(fancyhdr)                \addtolength{\topmargin}{-2.49998pt}.

[23]

Package fancyhdr Warning: \headheight is too small (12.0pt): 
(fancyhdr)                Make it at least 14.49998pt, for example:
(fancyhdr)                \setlength{\headheight}{14.49998pt}.
(fancyhdr)                You might also make \topmargin smaller:
(fancyhdr)                \addtolength{\topmargin}{-2.49998pt}.

[24]

Package fancyhdr Warning: \headheight is too small (12.0pt): 
(fancyhdr)                Make it at least 14.49998pt, for example:
(fancyhdr)                \setlength{\headheight}{14.49998pt}.
(fancyhdr)                You might also make \topmargin smaller:
(fancyhdr)                \addtolength{\topmargin}{-2.49998pt}.

[25]
Missing character: There is no ⇒ in font ec-lmri12!
Missing character: There is no ⇒ in font ec-lmri12!
Missing character: There is no ⇒ in font ec-lmri12!
Missing character: There is no ⇒ in font ec-lmri12!
Missing character: There is no ⇒ in font ec-lmri12!
Missing character: There is no ⇒ in font ec-lmri12!
Missing character: There is no ⇒ in font ec-lmri12!
Missing character: There is no ⇒ in font ec-lmri12!
Missing character: There is no ⇒ in font ec-lmri12!
Missing character: There is no ⇒ in font ec-lmri12!
Missing character: There is no ⇒ in font ec-lmri12!
Missing character: There is no ⇒ in font ec-lmri12!
Missing character: There is no ⇒ in font ec-lmri12!

LaTeX Font Warning: Font shape `TU/ErnestFont(0)/m/it' undefined
(Font)              using `TU/ErnestFont(0)/m/n' instead on input line 409.

Missing character: There is no ⇒ in font ec-lmri12!
Missing character: There is no ⇒ in font ec-lmri12!
Missing character: There is no ⇒ in font ec-lmri12!
Missing character: There is no ⇒ in font ec-lmri12!
Missing character: There is no ⇒ in font ec-lmri12!
Missing character: There is no ⇒ in font ec-lmri12!
Missing character: There is no ⇒ in font ec-lmri12!
Missing character: There is no ⇒ in font ec-lmri12!
Missing character: There is no ⇒ in font ec-lmri12!
Missing character: There is no ⇒ in font ec-lmri12!
Missing character: There is no ⇒ in font ec-lmri12!
Missing character: There is no ⇒ in font ec-lmri12!
Missing character: There is no ⇒ in font ec-lmri12!
Missing character: There is no ⇒ in font ec-lmri12!
Missing character: There is no ⇒ in font ec-lmri12!
Missing character: There is no ⇒ in font ec-lmri12!
Missing character: There is no ⇒ in font ec-lmri12!
Missing character: There is no ⇒ in font ec-lmri12!
Missing character: There is no ⇒ in font ec-lmri12!
Missing character: There is no ⇒ in font ec-lmri12!
Missing character: There is no ⇒ in font ec-lmri12!
Missing character: There is no ⇒ in font ec-lmri12!
Missing character: There is no ⇒ in font ec-lmri12!
Missing character: There is no ⇒ in font ec-lmri12!
Missing character: There is no ⇒ in font ec-lmri12!
Missing character: There is no ⇒ in font ec-lmri12!
Missing character: There is no ⇒ in font ec-lmri12!
Missing character: There is no ⇒ in font ec-lmri12!
Missing character: There is no ⇒ in font ec-lmri12!
Missing character: There is no ⇒ in font ec-lmri12!
Missing character: There is no ⇒ in font ec-lmri12!
Missing character: There is no ⇒ in font ec-lmri12!
Missing character: There is no ⇒ in font ec-lmri12!
Missing character: There is no ⇒ in font ec-lmri12!
Missing character: There is no • in font ec-lmbx12!
Missing character: There is no ⇒ in font ec-lmri12!
Missing character: There is no ⇒ in font ec-lmri12!
Missing character: There is no ⇒ in font ec-lmri12!
Missing character: There is no Ω in font ec-lmri12!
Missing character: There is no ⇒ in font ec-lmri12!
Missing character: There is no ⇒ in font ec-lmri12!
Missing character: There is no ⇒ in font ec-lmri12!
Missing character: There is no ⇒ in font ec-lmri12!
Missing character: There is no ⇒ in font ec-lmri12!
Missing character: There is no ⇒ in font ec-lmri12!
Missing character: There is no ⇒ in font ec-lmri12!
Missing character: There is no ⇒ in font ec-lmri12!

Underfull \hbox (badness 10000) in paragraph at lines 406--410

 []


Underfull \hbox (badness 10000) in paragraph at lines 406--410
\T1/lmr/bx/n/24.88 A
 []


Underfull \hbox (badness 10000) in paragraph at lines 406--410

 []


Underfull \hbox (badness 10000) in paragraph at lines 406--410
\T1/lmr/bx/n/24.88 B
 []


Underfull \hbox (badness 7504) in paragraph at lines 406--410
[][][]\T1/lmr/bx/n/12 blaze (Mi-ne-craft) \T1/lmr/m/n/12 --- \TU/ErnestFont(0)/
m/it/10.95 aleîz
 []


Underfull \hbox (badness 6708) in paragraph at lines 406--410
[][][]\T1/lmr/bx/n/12 breeze (Mi-ne-craft) \T1/lmr/m/n/12 --- \TU/ErnestFont(0)
/m/it/10.95 alîz
 []


Underfull \hbox (badness 10000) in paragraph at lines 406--410

 []


Underfull \hbox (badness 10000) in paragraph at lines 406--410
\T1/lmr/bx/n/24.88 C
 []


Underfull \hbox (badness 10000) in paragraph at lines 406--410
[][][]\T1/lmr/bx/n/12 champimeuh \T1/lmr/m/n/12 --- \TU/ErnestFont(0)/m/it/10.9
5 muuujemoâ
 []


Underfull \hbox (badness 7963) in paragraph at lines 406--410
[][][]\T1/lmr/bx/n/12 contraire (pré-fixe) \T1/lmr/m/n/12 --- \TU/ErnestFont(0)
/m/it/10.95 mal^^U
 []


Underfull \hbox (badness 10000) in paragraph at lines 406--410
[][][]\T1/lmr/bx/n/12 cyan \T1/lmr/m/n/12 --- \TU/ErnestFont(0)/m/it/10.95 malr
ôg \T1/lmr/m/n/12 (mal-rôg) :
 []


Underfull \hbox (badness 10000) in paragraph at lines 406--410

 []


Underfull \hbox (badness 10000) in paragraph at lines 406--410
\T1/lmr/bx/n/24.88 D
 []


Underfull \hbox (badness 5175) in paragraph at lines 406--410
[][][]\T1/lmr/bx/n/12 dibi \T1/lmr/m/n/12 --- \TU/ErnestFont(0)/m/it/10.95 bist
aninbûch \T1/lmr/m/n/12 (bis-ta-nin-
 []


Underfull \hbox (badness 10000) in paragraph at lines 406--410

 []


Underfull \hbox (badness 10000) in paragraph at lines 406--410
\T1/lmr/bx/n/24.88 E
 []


Underfull \hbox (badness 10000) in paragraph at lines 406--410
[][][]\T1/lmr/bx/n/12 End (Mi-ne-craft) \T1/lmr/m/n/12 --- \TU/ErnestFont(0)/m/
it/10.95 omegô
 []


Underfull \hbox (badness 10000) in paragraph at lines 406--410

 []


Underfull \hbox (badness 10000) in paragraph at lines 406--410
\T1/lmr/bx/n/24.88 F
 []


Underfull \hbox (badness 10000) in paragraph at lines 406--410

 []


Underfull \hbox (badness 10000) in paragraph at lines 406--410
\T1/lmr/bx/n/24.88 G
 []


Underfull \hbox (badness 10000) in paragraph at lines 406--410
[][][]\T1/lmr/bx/n/12 ghast (Mi-ne-craft) \T1/lmr/m/n/12 --- \TU/ErnestFont(0)/
m/it/10.95 ponê
 []


Underfull \hbox (badness 10000) in paragraph at lines 406--410

 []


Underfull \hbox (badness 10000) in paragraph at lines 406--410
\T1/lmr/bx/n/24.88 H
 []


Underfull \hbox (badness 10000) in paragraph at lines 406--410

 []


Underfull \hbox (badness 10000) in paragraph at lines 406--410
\T1/lmr/bx/n/24.88 I
 []


Underfull \hbox (badness 6236) in paragraph at lines 406--410
[][][]\T1/lmr/bx/n/12 impératif (par-ti-cule sur le
 []


Underfull \hbox (badness 10000) in paragraph at lines 406--410

 []


Underfull \hbox (badness 10000) in paragraph at lines 406--410
\T1/lmr/bx/n/24.88 J
 []


Underfull \hbox (badness 10000) in paragraph at lines 406--410

 []


Underfull \hbox (badness 10000) in paragraph at lines 406--410
\T1/lmr/bx/n/24.88 K
 []


Underfull \hbox (badness 10000) in paragraph at lines 406--410

 []


Underfull \hbox (badness 10000) in paragraph at lines 406--410
\T1/lmr/bx/n/24.88 L
 []


Underfull \hbox (badness 10000) in paragraph at lines 406--410

 []


Underfull \hbox (badness 10000) in paragraph at lines 406--410
\T1/lmr/bx/n/24.88 M
 []


Underfull \hbox (badness 10000) in paragraph at lines 406--410

 []


Underfull \hbox (badness 10000) in paragraph at lines 406--410
\T1/lmr/bx/n/24.88 N
 []


Underfull \hbox (badness 10000) in paragraph at lines 406--410

 []


Underfull \hbox (badness 10000) in paragraph at lines 406--410
\T1/lmr/bx/n/24.88 O
 []


Underfull \hbox (badness 10000) in paragraph at lines 406--410

 []


Underfull \hbox (badness 10000) in paragraph at lines 406--410
\T1/lmr/bx/n/24.88 P
 []


Underfull \hbox (badness 6204) in paragraph at lines 406--410
[][][]\T1/lmr/bx/n/12 palais de jus-tice \T1/lmr/m/n/12 --- \TU/ErnestFont(0)/m
/it/10.95 akabô
 []


Underfull \hbox (badness 10000) in paragraph at lines 406--410

 []


Underfull \hbox (badness 10000) in paragraph at lines 406--410
\T1/lmr/bx/n/24.88 Q
 []


Underfull \hbox (badness 10000) in paragraph at lines 406--410

 []


Underfull \hbox (badness 10000) in paragraph at lines 406--410
\T1/lmr/bx/n/24.88 R
 []


Underfull \hbox (badness 10000) in paragraph at lines 406--410
[][][]\T1/lmr/bx/n/12 roquefort \T1/lmr/m/n/12 --- \TU/ErnestFont(0)/m/it/10.95
 strunzstrûnz
 []


Underfull \hbox (badness 10000) in paragraph at lines 406--410

 []


Underfull \hbox (badness 10000) in paragraph at lines 406--410
\T1/lmr/bx/n/24.88 S
 []


Underfull \hbox (badness 10000) in paragraph at lines 406--410
[][][]\T1/lmr/bx/n/12 sous-terrain \T1/lmr/m/n/12 --- \TU/ErnestFont(0)/m/it/10
.95 malchotûrng
 []


Underfull \hbox (badness 10000) in paragraph at lines 406--410
[][][]\T1/lmr/bx/n/12 supercool \T1/lmr/m/n/12 --- \TU/ErnestFont(0)/m/it/10.95
 feltanîg \T1/lmr/m/n/12 (fel-
 []


Underfull \hbox (badness 10000) in paragraph at lines 406--410

 []


Underfull \hbox (badness 10000) in paragraph at lines 406--410
\T1/lmr/bx/n/24.88 T
 []


Underfull \hbox (badness 10000) in paragraph at lines 406--410

 []


Underfull \hbox (badness 10000) in paragraph at lines 406--410
\T1/lmr/bx/n/24.88 U
 []


Underfull \hbox (badness 10000) in paragraph at lines 406--410

 []


Underfull \hbox (badness 10000) in paragraph at lines 406--410
\T1/lmr/bx/n/24.88 V
 []


Underfull \hbox (badness 10000) in paragraph at lines 406--410

 []


Underfull \hbox (badness 10000) in paragraph at lines 406--410
\T1/lmr/bx/n/24.88 W
 []


Underfull \hbox (badness 10000) in paragraph at lines 406--410

 []


Underfull \hbox (badness 10000) in paragraph at lines 406--410
\T1/lmr/bx/n/24.88 Z
 []


Underfull \hbox (badness 10000) in paragraph at lines 406--410

 []


Package fancyhdr Warning: \headheight is too small (12.0pt): 
(fancyhdr)                Make it at least 14.49998pt, for example:
(fancyhdr)                \setlength{\headheight}{14.49998pt}.
(fancyhdr)                You might also make \topmargin smaller:
(fancyhdr)                \addtolength{\topmargin}{-2.49998pt}.

[26]

Package fancyhdr Warning: \headheight is too small (12.0pt): 
(fancyhdr)                Make it at least 14.49998pt, for example:
(fancyhdr)                \setlength{\headheight}{14.49998pt}.
(fancyhdr)                You might also make \topmargin smaller:
(fancyhdr)                \addtolength{\topmargin}{-2.49998pt}.

[27]

Package fancyhdr Warning: \headheight is too small (12.0pt): 
(fancyhdr)                Make it at least 14.49998pt, for example:
(fancyhdr)                \setlength{\headheight}{14.49998pt}.
(fancyhdr)                You might also make \topmargin smaller:
(fancyhdr)                \addtolength{\topmargin}{-2.49998pt}.

[28]

Package fancyhdr Warning: \headheight is too small (12.0pt): 
(fancyhdr)                Make it at least 14.49998pt, for example:
(fancyhdr)                \setlength{\headheight}{14.49998pt}.
(fancyhdr)                You might also make \topmargin smaller:
(fancyhdr)                \addtolength{\topmargin}{-2.49998pt}.

[29]

Package fancyhdr Warning: \headheight is too small (12.0pt): 
(fancyhdr)                Make it at least 14.49998pt, for example:
(fancyhdr)                \setlength{\headheight}{14.49998pt}.
(fancyhdr)                You might also make \topmargin smaller:
(fancyhdr)                \addtolength{\topmargin}{-2.49998pt}.

[30]

Package fancyhdr Warning: \headheight is too small (12.0pt): 
(fancyhdr)                Make it at least 14.49998pt, for example:
(fancyhdr)                \setlength{\headheight}{14.49998pt}.
(fancyhdr)                You might also make \topmargin smaller:
(fancyhdr)                \addtolength{\topmargin}{-2.49998pt}.

[31]

Package fancyhdr Warning: \headheight is too small (12.0pt): 
(fancyhdr)                Make it at least 14.49998pt, for example:
(fancyhdr)                \setlength{\headheight}{14.49998pt}.
(fancyhdr)                You might also make \topmargin smaller:
(fancyhdr)                \addtolength{\topmargin}{-2.49998pt}.

[32]

Package fancyhdr Warning: \headheight is too small (12.0pt): 
(fancyhdr)                Make it at least 14.49998pt, for example:
(fancyhdr)                \setlength{\headheight}{14.49998pt}.
(fancyhdr)                You might also make \topmargin smaller:
(fancyhdr)                \addtolength{\topmargin}{-2.49998pt}.

[33]

Package fancyhdr Warning: \headheight is too small (12.0pt): 
(fancyhdr)                Make it at least 14.49998pt, for example:
(fancyhdr)                \setlength{\headheight}{14.49998pt}.
(fancyhdr)                You might also make \topmargin smaller:
(fancyhdr)                \addtolength{\topmargin}{-2.49998pt}.

[34]

Package fancyhdr Warning: \headheight is too small (12.0pt): 
(fancyhdr)                Make it at least 14.49998pt, for example:
(fancyhdr)                \setlength{\headheight}{14.49998pt}.
(fancyhdr)                You might also make \topmargin smaller:
(fancyhdr)                \addtolength{\topmargin}{-2.49998pt}.

[35]

Package fancyhdr Warning: \headheight is too small (12.0pt): 
(fancyhdr)                Make it at least 14.49998pt, for example:
(fancyhdr)                \setlength{\headheight}{14.49998pt}.
(fancyhdr)                You might also make \topmargin smaller:
(fancyhdr)                \addtolength{\topmargin}{-2.49998pt}.

[36]

Package fancyhdr Warning: \headheight is too small (12.0pt): 
(fancyhdr)                Make it at least 14.49998pt, for example:
(fancyhdr)                \setlength{\headheight}{14.49998pt}.
(fancyhdr)                You might also make \topmargin smaller:
(fancyhdr)                \addtolength{\topmargin}{-2.49998pt}.

[37]

Package fancyhdr Warning: \headheight is too small (12.0pt): 
(fancyhdr)                Make it at least 14.49998pt, for example:
(fancyhdr)                \setlength{\headheight}{14.49998pt}.
(fancyhdr)                You might also make \topmargin smaller:
(fancyhdr)                \addtolength{\topmargin}{-2.49998pt}.

[38]

Package fancyhdr Warning: \headheight is too small (12.0pt): 
(fancyhdr)                Make it at least 14.49998pt, for example:
(fancyhdr)                \setlength{\headheight}{14.49998pt}.
(fancyhdr)                You might also make \topmargin smaller:
(fancyhdr)                \addtolength{\topmargin}{-2.49998pt}.

[39]

Package fancyhdr Warning: \headheight is too small (12.0pt): 
(fancyhdr)                Make it at least 14.49998pt, for example:
(fancyhdr)                \setlength{\headheight}{14.49998pt}.
(fancyhdr)                You might also make \topmargin smaller:
(fancyhdr)                \addtolength{\topmargin}{-2.49998pt}.

[40] (main.aux)
 ***********
LaTeX2e <2023-11-01> patch level 1
L3 programming layer <2024-01-04>
 ***********


LaTeX Font Warning: Some font shapes were not available, defaults substituted.


LaTeX Warning: There were multiply-defined labels.

Package rerunfilecheck Info: File `main.out' has not changed.
(rerunfilecheck)             Checksum: D41D8CD98F00B204E9800998ECF8427E;0.
 ) 
Here is how much of TeX's memory you used:
 28840 strings out of 409617
 572184 string characters out of 5774217
 2010191 words of memory out of 5000000
 50497 multiletter control sequences out of 15000+600000
 616349 words of font info for 97 fonts, out of 8000000 for 9000
 1348 hyphenation exceptions out of 8191
 107i,12n,110p,418b,4578s stack positions out of 10000i,1000n,20000p,200000b,200000s

Output written on main.pdf (41 pages).
